<?xml version="1.0" encoding="UTF-8" ?>
<testsuite tests="53" failures="0" name="com.test.JSON_java.JSONObjectTest" time="0.078" errors="0" skipped="0">
  <properties>
[...]
</properties>
  <testcase classname="com.test.JSON_java.JSONObjectTest" name="SimilarTest_notJSONObject" time="0.042"/>
  <testcase classname="com.test.JSON_java.JSONObjectTest" name="incrementTest_NonAcceptableType" time="0.006"/>
  <testcase classname="com.test.JSON_java.JSONObjectTest" name="incrementTest_nullValue" time="0"/>
  <testcase classname="com.test.JSON_java.JSONObjectTest" name="stringToValue_emptyTest" time="0"/>
  <testcase classname="com.test.JSON_java.JSONObjectTest" name="SimilarTest_IdenticalKeys_differentAutoGeneratedValues" time="0"/>
  <testcase classname="com.test.JSON_java.JSONObjectTest" name="obj2BigInteger_double" time="0.002"/>
  <testcase classname="com.test.JSON_java.JSONObjectTest" name="incrementTest_Double" time="0.001"/>
  <testcase classname="com.test.JSON_java.JSONObjectTest" name="obj2BigInteger_bigDecimal" time="0"/>
  <testcase classname="com.test.JSON_java.JSONObjectTest" name="testMulti" time="0.011"/>
  <testcase classname="com.test.JSON_java.JSONObjectTest" name="stringToValue_numNegative" time="0.002"/>
  <testcase classname="com.test.JSON_java.JSONObjectTest" name="obj2BigInteger_bigInteger" time="0.001"/>
  <testcase classname="com.test.JSON_java.JSONObjectTest" name="toJSONArray" time="0.001"/>
  <testcase classname="com.test.JSON_java.JSONObjectTest" name="incrementTest_Integer" time="0"/>
  <testcase classname="com.test.JSON_java.JSONObjectTest" name="JSONObjectConstructorMap" time="0"/>
  <testcase classname="com.test.JSON_java.JSONObjectTest" name="toMapTest" time="0"/>
  <testcase classname="com.test.JSON_java.JSONObjectTest" name="getNumberTest" time="0"/>
  <testcase classname="com.test.JSON_java.JSONObjectTest" name="incrementTest_Float" time="0"/>
  <testcase classname="com.test.JSON_java.JSONObjectTest" name="putNullKeyTest" time="0"/>
  <testcase classname="com.test.JSON_java.JSONObjectTest" name="stringToValue_trueTest" time="0"/>
  <testcase classname="com.test.JSON_java.JSONObjectTest" name="getNumberTest_exception" time="0.001"/>
  <testcase classname="com.test.JSON_java.JSONObjectTest" name="putOnceDuplicateKeyTest_autoGenInputs" time="0"/>
  <testcase classname="com.test.JSON_java.JSONObjectTest" name="SimilarTest_IdenticalKeys_IdenticalJSONObjectValues" time="0.001"/>
  <testcase classname="com.test.JSON_java.JSONObjectTest" name="SimilarTest_IdenticalKeysIdenticalValues" time="0"/>
  <testcase classname="com.test.JSON_java.JSONObjectTest" name="stringToValue_nullTest" time="0"/>
  <testcase classname="com.test.JSON_java.JSONObjectTest" name="obj2BigInteger_AtomicInteger" time="0.001"/>
  <testcase classname="com.test.JSON_java.JSONObjectTest" name="incrementTest_BigDecimal" time="0"/>
  <testcase classname="com.test.JSON_java.JSONObjectTest" name="incrementTest_Long" time="0.001"/>
  <testcase classname="com.test.JSON_java.JSONObjectTest" name="stringToValueTestRandom" time="0"/>
  <testcase classname="com.test.JSON_java.JSONObjectTest" name="JSONObjectConstructorMap_autoGenInputs" time="0.001"/>
  <testcase classname="com.test.JSON_java.JSONObjectTest" name="incrementTest_BigInteger" time="0"/>
  <testcase classname="com.test.JSON_java.JSONObjectTest" name="stringToValueTest0" time="0.001"/>
  <testcase classname="com.test.JSON_java.JSONObjectTest" name="stringToValueTest1" time="0"/>
  <testcase classname="com.test.JSON_java.JSONObjectTest" name="stringToValueTest2" time="0"/>
  <testcase classname="com.test.JSON_java.JSONObjectTest" name="stringToValue_num1" time="0"/>
  <testcase classname="com.test.JSON_java.JSONObjectTest" name="JSONObjectConstructorSubset1" time="0"/>
  <testcase classname="com.test.JSON_java.JSONObjectTest" name="JSONObjectConstructorSubset2" time="0"/>
  <testcase classname="com.test.JSON_java.JSONObjectTest" name="obj2BigInteger_Short" time="0"/>
  <testcase classname="com.test.JSON_java.JSONObjectTest" name="obj2BigInteger_float" time="0"/>
  <testcase classname="com.test.JSON_java.JSONObjectTest" name="obj2BigInteger_Integer" time="0"/>
  <testcase classname="com.test.JSON_java.JSONObjectTest" name="obj2BigInteger_DoubleAdder" time="0.003"/>
  <testcase classname="com.test.JSON_java.JSONObjectTest" name="SimilarTest_IdenticalKeysDifferentValues" time="0"/>
  <testcase classname="com.test.JSON_java.JSONObjectTest" name="SimilarTest_KeysDoNotMatch_AutoInputs" time="0"/>
  <testcase classname="com.test.JSON_java.JSONObjectTest" name="stringToValueTestNegative" time="0.001"/>
  <testcase classname="com.test.JSON_java.JSONObjectTest" name="obj2BigInteger_defaultValue" time="0"/>
  <testcase classname="com.test.JSON_java.JSONObjectTest" name="incrementTest_int" time="0.001"/>
  <testcase classname="com.test.JSON_java.JSONObjectTest" name="SimilarTest_KeysDoNotMatch" time="0"/>
  <testcase classname="com.test.JSON_java.JSONObjectTest" name="putOnceDuplicateKeyTest" time="0.001"/>
  <testcase classname="com.test.JSON_java.JSONObjectTest" name="similarTest_Empty" time="0"/>
  <testcase classname="com.test.JSON_java.JSONObjectTest" name="SimilarTest_IdenticalKeys_differentJSONObjectValues" time="0"/>
  <testcase classname="com.test.JSON_java.JSONObjectTest" name="obj2BigInteger_Byte" time="0"/>
  <testcase classname="com.test.JSON_java.JSONObjectTest" name="obj2BigInteger_long" time="0"/>
  <testcase classname="com.test.JSON_java.JSONObjectTest" name="stringToValue_falseTest" time="0"/>
  <testcase classname="com.test.JSON_java.JSONObjectTest" name="getNumberTest_numberIsAString" time="0"/>
</testsuite>